# JRE version: OpenJDK Runtime Environment Temurin-21.0.6+7 (21.0.6+7) (build 21.0.6+7-LTS)
# Java VM: OpenJDK 64-Bit Server VM Temurin-21.0.6+7 (21.0.6+7-LTS, mixed mode, sharing, tiered, compressed oops, compressed class ptrs, g1 gc, windows-amd64)
GC Precious Log:
 CardTable entry size: 512
 Card Set container configuration: InlinePtr #cards 4 size 8 Array Of Cards #cards 16 size 48 Howl #buckets 8 coarsen threshold 3686 Howl Bitmap #cards 512 size 80 coarsen threshold 460 Card regions per heap region 1 cards per card region 4096
 CPUs: 6 total, 6 available
 Memory: 16294M
 Large Page Support: Disabled
 NUMA Support: Disabled
 Compressed Oops: Enabled (Zero based)
 Heap Region Size: 2M
 Heap Min Capacity: 8M
 Heap Initial Capacity: 256M
 Heap Max Capacity: 4074M
 Pre-touch: Disabled
 Parallel Workers: 6
 Concurrent Workers: 2
 Concurrent Refinement Workers: 6
 Periodic GC: Disabled
Heap:
 garbage-first heap   total 143360K, used 66680K [0x0000000701600000, 0x0000000800000000)
  region size 2048K, 8 young (16384K), 3 survivors (6144K)
 Metaspace       used 81871K, committed 82624K, reserved 1179648K
  class space    used 10896K, committed 11200K, reserved 1048576K
GC Heap History (20 events):
Event: 4.130 GC heap before
{Heap before GC invocations=15 (full 0):
 garbage-first heap   total 92160K, used 77357K [0x0000000701600000, 0x0000000800000000)
  region size 2048K, 27 young (55296K), 2 survivors (4096K)
 Metaspace       used 55801K, committed 56384K, reserved 1114112K
  class space    used 7349K, committed 7616K, reserved 1048576K
}
Event: 4.133 GC heap after
{Heap after GC invocations=16 (full 0):
 garbage-first heap   total 92160K, used 27082K [0x0000000701600000, 0x0000000800000000)
  region size 2048K, 3 young (6144K), 3 survivors (6144K)
 Metaspace       used 55801K, committed 56384K, reserved 1114112K
  class space    used 7349K, committed 7616K, reserved 1048576K
}
Event: 4.417 GC heap before
{Heap before GC invocations=16 (full 0):
 garbage-first heap   total 92160K, used 70090K [0x0000000701600000, 0x0000000800000000)
  region size 2048K, 25 young (51200K), 3 survivors (6144K)
 Metaspace       used 59873K, committed 60416K, reserved 1114112K
  class space    used 7938K, committed 8192K, reserved 1048576K
}
Event: 4.420 GC heap after
{Heap after GC invocations=17 (full 0):
 garbage-first heap   total 92160K, used 27857K [0x0000000701600000, 0x0000000800000000)
  region size 2048K, 2 young (4096K), 2 survivors (4096K)
 Metaspace       used 59873K, committed 60416K, reserved 1114112K
  class space    used 7938K, committed 8192K, reserved 1048576K
}
Event: 4.831 GC heap before
{Heap before GC invocations=18 (full 0):
 garbage-first heap   total 92160K, used 77009K [0x0000000701600000, 0x0000000800000000)
  region size 2048K, 27 young (55296K), 2 survivors (4096K)
 Metaspace       used 64345K, committed 65024K, reserved 1114112K
  class space    used 8547K, committed 8896K, reserved 1048576K
}
Event: 4.836 GC heap after
{Heap after GC invocations=19 (full 0):
 garbage-first heap   total 92160K, used 30289K [0x0000000701600000, 0x0000000800000000)
  region size 2048K, 4 young (8192K), 4 survivors (8192K)
 Metaspace       used 64345K, committed 65024K, reserved 1114112K
  class space    used 8547K, committed 8896K, reserved 1048576K
}
Event: 5.219 GC heap before
{Heap before GC invocations=19 (full 0):
 garbage-first heap   total 92160K, used 75345K [0x0000000701600000, 0x0000000800000000)
  region size 2048K, 26 young (53248K), 4 survivors (8192K)
 Metaspace       used 67776K, committed 68480K, reserved 1114112K
  class space    used 8971K, committed 9280K, reserved 1048576K
}
Event: 5.227 GC heap after
{Heap after GC invocations=20 (full 0):
 garbage-first heap   total 92160K, used 32358K [0x0000000701600000, 0x0000000800000000)
  region size 2048K, 4 young (8192K), 4 survivors (8192K)
 Metaspace       used 67776K, committed 68480K, reserved 1114112K
  class space    used 8971K, committed 9280K, reserved 1048576K
}
Event: 5.822 GC heap before
{Heap before GC invocations=20 (full 0):
 garbage-first heap   total 92160K, used 75366K [0x0000000701600000, 0x0000000800000000)
  region size 2048K, 25 young (51200K), 4 survivors (8192K)
 Metaspace       used 71686K, committed 72448K, reserved 1114112K
  class space    used 9555K, committed 9920K, reserved 1048576K
}
Event: 5.827 GC heap after
{Heap after GC invocations=21 (full 0):
 garbage-first heap   total 92160K, used 34030K [0x0000000701600000, 0x0000000800000000)
  region size 2048K, 3 young (6144K), 3 survivors (6144K)
 Metaspace       used 71686K, committed 72448K, reserved 1114112K
  class space    used 9555K, committed 9920K, reserved 1048576K
}
Event: 6.855 GC heap before
{Heap before GC invocations=21 (full 0):
 garbage-first heap   total 92160K, used 74990K [0x0000000701600000, 0x0000000800000000)
  region size 2048K, 24 young (49152K), 3 survivors (6144K)
 Metaspace       used 77159K, committed 77952K, reserved 1179648K
  class space    used 10257K, committed 10624K, reserved 1048576K
}
Event: 6.860 GC heap after
{Heap after GC invocations=22 (full 0):
 garbage-first heap   total 92160K, used 37000K [0x0000000701600000, 0x0000000800000000)
  region size 2048K, 3 young (6144K), 3 survivors (6144K)
 Metaspace       used 77159K, committed 77952K, reserved 1179648K
  class space    used 10257K, committed 10624K, reserved 1048576K
}
Event: 18.400 GC heap before
{Heap before GC invocations=23 (full 0):
 garbage-first heap   total 92160K, used 75912K [0x0000000701600000, 0x0000000800000000)
  region size 2048K, 23 young (47104K), 3 survivors (6144K)
 Metaspace       used 80461K, committed 81280K, reserved 1179648K
  class space    used 10730K, committed 11072K, reserved 1048576K
}
Event: 18.403 GC heap after
{Heap after GC invocations=24 (full 0):
 garbage-first heap   total 92160K, used 37760K [0x0000000701600000, 0x0000000800000000)
  region size 2048K, 2 young (4096K), 2 survivors (4096K)
 Metaspace       used 80461K, committed 81280K, reserved 1179648K
  class space    used 10730K, committed 11072K, reserved 1048576K
}
Event: 18.508 GC heap before
{Heap before GC invocations=24 (full 0):
 garbage-first heap   total 112640K, used 109440K [0x0000000701600000, 0x0000000800000000)
  region size 2048K, 6 young (12288K), 2 survivors (4096K)
 Metaspace       used 80777K, committed 81536K, reserved 1179648K
  class space    used 10767K, committed 11072K, reserved 1048576K
}
Event: 18.511 GC heap after
{Heap after GC invocations=25 (full 0):
 garbage-first heap   total 118784K, used 43665K [0x0000000701600000, 0x0000000800000000)
  region size 2048K, 2 young (4096K), 2 survivors (4096K)
 Metaspace       used 80777K, committed 81536K, reserved 1179648K
  class space    used 10767K, committed 11072K, reserved 1048576K
}
Event: 18.626 GC heap before
{Heap before GC invocations=25 (full 0):
 garbage-first heap   total 118784K, used 68241K [0x0000000701600000, 0x0000000800000000)
  region size 2048K, 10 young (20480K), 2 survivors (4096K)
 Metaspace       used 81441K, committed 82240K, reserved 1179648K
  class space    used 10840K, committed 11200K, reserved 1048576K
}
Event: 18.630 GC heap after
{Heap after GC invocations=26 (full 0):
 garbage-first heap   total 143360K, used 54446K [0x0000000701600000, 0x0000000800000000)
  region size 2048K, 4 young (8192K), 4 survivors (8192K)
 Metaspace       used 81441K, committed 82240K, reserved 1179648K
  class space    used 10840K, committed 11200K, reserved 1048576K
}
Event: 18.630 GC heap before
{Heap before GC invocations=26 (full 0):
 garbage-first heap   total 143360K, used 56494K [0x0000000701600000, 0x0000000800000000)
  region size 2048K, 4 young (8192K), 4 survivors (8192K)
 Metaspace       used 81441K, committed 82240K, reserved 1179648K
  class space    used 10840K, committed 11200K, reserved 1048576K
}
Event: 18.634 GC heap after
{Heap after GC invocations=27 (full 0):
 garbage-first heap   total 143360K, used 54392K [0x0000000701600000, 0x0000000800000000)
  region size 2048K, 3 young (6144K), 3 survivors (6144K)
 Metaspace       used 81441K, committed 82240K, reserved 1179648K
  class space    used 10840K, committed 11200K, reserved 1048576K
}

